<?xml version="1.0" encoding="utf-8"?>
<resources xmlns:tools="http://schemas.android.com/tools">
    <string name="description_test_1" tools:ignore="MissingTranslation">Test 123</string>
</resources>